This file contains any messages produced by compilers while
running configure, to aid debugging if configure makes a mistake.

It was created by configure, which was
generated by GNU Autoconf 2.59.  Invocation command line was

  $ ./configure 

## --------- ##
## Platform. ##
## --------- ##

hostname = davidm-desktop
uname -m = i686
uname -r = 2.6.32-28-generic
uname -s = Linux
uname -v = #55-Ubuntu SMP Mon Jan 10 21:21:01 UTC 2011

/usr/bin/uname -p = unknown
/bin/uname -X     = unknown

/bin/arch              = unknown
/usr/bin/arch -k       = unknown
/usr/convex/getsysinfo = unknown
hostinfo               = unknown
/bin/machine           = unknown
/usr/bin/oslevel       = unknown
/bin/universe          = unknown

PATH: /home/davidm/GNUstep/Tools
PATH: /usr/local/sbin
PATH: /usr/local/bin
PATH: /usr/sbin
PATH: /usr/bin
PATH: /sbin
PATH: /bin
PATH: /usr/games


## ----------- ##
## Core tests. ##
## ----------- ##

configure:1336: checking build system type
configure:1354: result: i686-pc-linux-gnu
configure:1362: checking host system type
configure:1376: result: i686-pc-linux-gnu
configure:1384: checking target system type
configure:1398: result: i686-pc-linux-gnu
configure:1472: checking for gcc
configure:1488: found /usr/bin/gcc
configure:1498: result: gcc
configure:1742: checking for C compiler version
configure:1745: gcc --version </dev/null >&5
gcc (Ubuntu 4.4.3-4ubuntu5.1) 4.4.3
Copyright (C) 2009 Free Software Foundation, Inc.
This is free software; see the source for copying conditions.  There is NO
warranty; not even for MERCHANTABILITY or FITNESS FOR A PARTICULAR PURPOSE.

configure:1748: $? = 0
configure:1750: gcc -v </dev/null >&5
Using built-in specs.
Target: i486-linux-gnu
Configured with: ../src/configure -v --with-pkgversion='Ubuntu 4.4.3-4ubuntu5.1' --with-bugurl=file:///usr/share/doc/gcc-4.4/README.Bugs --enable-languages=c,c++,fortran,objc,obj-c++ --prefix=/usr --enable-shared --enable-multiarch --enable-linker-build-id --with-system-zlib --libexecdir=/usr/lib --without-included-gettext --enable-threads=posix --with-gxx-include-dir=/usr/include/c++/4.4 --program-suffix=-4.4 --enable-nls --enable-clocale=gnu --enable-libstdcxx-debug --enable-plugin --enable-objc-gc --enable-targets=all --disable-werror --with-arch-32=i486 --with-tune=generic --enable-checking=release --build=i486-linux-gnu --host=i486-linux-gnu --target=i486-linux-gnu
Thread model: posix
gcc version 4.4.3 (Ubuntu 4.4.3-4ubuntu5.1) 
configure:1753: $? = 0
configure:1755: gcc -V </dev/null >&5
gcc: '-V' option must have argument
configure:1758: $? = 1
configure:1781: checking for C compiler default output file name
configure:1784: gcc    conftest.c  >&5
configure:1787: $? = 0
configure:1833: result: a.out
configure:1838: checking whether the C compiler works
configure:1844: ./a.out
configure:1847: $? = 0
configure:1864: result: yes
configure:1871: checking whether we are cross compiling
configure:1873: result: no
configure:1876: checking for suffix of executables
configure:1878: gcc -o conftest    conftest.c  >&5
configure:1881: $? = 0
configure:1906: result: 
configure:1912: checking for suffix of object files
configure:1933: gcc -c   conftest.c >&5
configure:1936: $? = 0
configure:1958: result: o
configure:1962: checking whether we are using the GNU C compiler
configure:1986: gcc -c   conftest.c >&5
configure:1992: $? = 0
configure:1996: test -z 
			 || test ! -s conftest.err
configure:1999: $? = 0
configure:2002: test -s conftest.o
configure:2005: $? = 0
configure:2018: result: yes
configure:2024: checking whether gcc accepts -g
configure:2045: gcc -c -g  conftest.c >&5
configure:2051: $? = 0
configure:2055: test -z 
			 || test ! -s conftest.err
configure:2058: $? = 0
configure:2061: test -s conftest.o
configure:2064: $? = 0
configure:2075: result: yes
configure:2092: checking for gcc option to accept ANSI C
configure:2162: gcc  -c -g -O2  conftest.c >&5
configure:2168: $? = 0
configure:2172: test -z 
			 || test ! -s conftest.err
configure:2175: $? = 0
configure:2178: test -s conftest.o
configure:2181: $? = 0
configure:2199: result: none needed
configure:2217: gcc -c -g -O2  conftest.c >&5
conftest.c:2: error: expected '=', ',', ';', 'asm' or '__attribute__' before 'me'
configure:2223: $? = 1
configure: failed program was:
| #ifndef __cplusplus
|   choke me
| #endif
configure:2362: checking how to run the C preprocessor
configure:2397: gcc -E  conftest.c
configure:2403: $? = 0
configure:2435: gcc -E  conftest.c
conftest.c:9:28: error: ac_nonexistent.h: No such file or directory
configure:2441: $? = 1
configure: failed program was:
| /* confdefs.h.  */
| 
| #define PACKAGE_NAME ""
| #define PACKAGE_TARNAME ""
| #define PACKAGE_VERSION ""
| #define PACKAGE_STRING ""
| #define PACKAGE_BUGREPORT ""
| /* end confdefs.h.  */
| #include <ac_nonexistent.h>
configure:2480: result: gcc -E
configure:2504: gcc -E  conftest.c
configure:2510: $? = 0
configure:2542: gcc -E  conftest.c
conftest.c:9:28: error: ac_nonexistent.h: No such file or directory
configure:2548: $? = 1
configure: failed program was:
| /* confdefs.h.  */
| 
| #define PACKAGE_NAME ""
| #define PACKAGE_TARNAME ""
| #define PACKAGE_VERSION ""
| #define PACKAGE_STRING ""
| #define PACKAGE_BUGREPORT ""
| /* end confdefs.h.  */
| #include <ac_nonexistent.h>
configure:2592: checking for X
configure:2697: gcc -E  conftest.c
conftest.c:9:27: error: X11/Intrinsic.h: No such file or directory
configure:2703: $? = 1
configure: failed program was:
| /* confdefs.h.  */
| 
| #define PACKAGE_NAME ""
| #define PACKAGE_TARNAME ""
| #define PACKAGE_VERSION ""
| #define PACKAGE_STRING ""
| #define PACKAGE_BUGREPORT ""
| /* end confdefs.h.  */
| #include <X11/Intrinsic.h>
configure:2753: gcc -o conftest -g -O2   conftest.c -lXt  >&5
conftest.c:9:27: error: X11/Intrinsic.h: No such file or directory
configure:2759: $? = 1
configure: failed program was:
| /* confdefs.h.  */
| 
| #define PACKAGE_NAME ""
| #define PACKAGE_TARNAME ""
| #define PACKAGE_VERSION ""
| #define PACKAGE_STRING ""
| #define PACKAGE_BUGREPORT ""
| /* end confdefs.h.  */
| #include <X11/Intrinsic.h>
| int
| main ()
| {
| XtMalloc (0)
|   ;
|   return 0;
| }
configure:2812: result: no
configure:2837: checking for /usr/X11/include/proplist.h
configure:2852: result: no
configure:2858: checking for /usr/X11/lib/libPropList.so
configure:2873: result: no
configure:2881: checking for egrep
configure:2891: result: grep -E
configure:2896: checking for ANSI C header files
configure:2921: gcc -c -g -O2  conftest.c >&5
configure:2927: $? = 0
configure:2931: test -z 
			 || test ! -s conftest.err
configure:2934: $? = 0
configure:2937: test -s conftest.o
configure:2940: $? = 0
configure:3029: gcc -o conftest -g -O2   conftest.c  >&5
conftest.c: In function 'main':
conftest.c:26: warning: incompatible implicit declaration of built-in function 'exit'
configure:3032: $? = 0
configure:3034: ./conftest
configure:3037: $? = 0
configure:3052: result: yes
configure:3076: checking for sys/types.h
configure:3092: gcc -c -g -O2  conftest.c >&5
configure:3098: $? = 0
configure:3102: test -z 
			 || test ! -s conftest.err
configure:3105: $? = 0
configure:3108: test -s conftest.o
configure:3111: $? = 0
configure:3122: result: yes
configure:3076: checking for sys/stat.h
configure:3092: gcc -c -g -O2  conftest.c >&5
configure:3098: $? = 0
configure:3102: test -z 
			 || test ! -s conftest.err
configure:3105: $? = 0
configure:3108: test -s conftest.o
configure:3111: $? = 0
configure:3122: result: yes
configure:3076: checking for stdlib.h
configure:3092: gcc -c -g -O2  conftest.c >&5
configure:3098: $? = 0
configure:3102: test -z 
			 || test ! -s conftest.err
configure:3105: $? = 0
configure:3108: test -s conftest.o
configure:3111: $? = 0
configure:3122: result: yes
configure:3076: checking for string.h
configure:3092: gcc -c -g -O2  conftest.c >&5
configure:3098: $? = 0
configure:3102: test -z 
			 || test ! -s conftest.err
configure:3105: $? = 0
configure:3108: test -s conftest.o
configure:3111: $? = 0
configure:3122: result: yes
configure:3076: checking for memory.h
configure:3092: gcc -c -g -O2  conftest.c >&5
configure:3098: $? = 0
configure:3102: test -z 
			 || test ! -s conftest.err
configure:3105: $? = 0
configure:3108: test -s conftest.o
configure:3111: $? = 0
configure:3122: result: yes
configure:3076: checking for strings.h
configure:3092: gcc -c -g -O2  conftest.c >&5
configure:3098: $? = 0
configure:3102: test -z 
			 || test ! -s conftest.err
configure:3105: $? = 0
configure:3108: test -s conftest.o
configure:3111: $? = 0
configure:3122: result: yes
configure:3076: checking for inttypes.h
configure:3092: gcc -c -g -O2  conftest.c >&5
configure:3098: $? = 0
configure:3102: test -z 
			 || test ! -s conftest.err
configure:3105: $? = 0
configure:3108: test -s conftest.o
configure:3111: $? = 0
configure:3122: result: yes
configure:3076: checking for stdint.h
configure:3092: gcc -c -g -O2  conftest.c >&5
configure:3098: $? = 0
configure:3102: test -z 
			 || test ! -s conftest.err
configure:3105: $? = 0
configure:3108: test -s conftest.o
configure:3111: $? = 0
configure:3122: result: yes
configure:3076: checking for unistd.h
configure:3092: gcc -c -g -O2  conftest.c >&5
configure:3098: $? = 0
configure:3102: test -z 
			 || test ! -s conftest.err
configure:3105: $? = 0
configure:3108: test -s conftest.o
configure:3111: $? = 0
configure:3122: result: yes
configure:3148: checking proplist.h usability
configure:3160: gcc -c -g -O2  conftest.c >&5
configure:3166: $? = 0
configure:3170: test -z 
			 || test ! -s conftest.err
configure:3173: $? = 0
configure:3176: test -s conftest.o
configure:3179: $? = 0
configure:3189: result: yes
configure:3193: checking proplist.h presence
configure:3203: gcc -E  conftest.c
configure:3209: $? = 0
configure:3229: result: yes
configure:3264: checking for proplist.h
configure:3271: result: yes
configure:3290: checking for PLGetProplistWithDescription in -lPropList
configure:3320: gcc -o conftest -g -O2   conftest.c -lPropList   >&5
configure:3326: $? = 0
configure:3330: test -z 
			 || test ! -s conftest.err
configure:3333: $? = 0
configure:3336: test -s conftest
configure:3339: $? = 0
configure:3352: result: yes
configure:3401: checking for apxs
configure:3432: result: no
configure:3443: checking for apxs2
configure:3461: found /usr/bin/apxs2
configure:3474: result: /usr/bin/apxs2
configure:3512: checking for apache2
configure:3530: found /usr/sbin/apache2
configure:3543: result: /usr/sbin/apache2
configure:3558: checking server API
configure:3560: result: Apache2
configure:3572: checking for apr-config
configure:3590: found /usr/bin/apr-config
configure:3603: result: /usr/bin/apr-config
configure:3749: creating ./config.status

## ---------------------- ##
## Running config.status. ##
## ---------------------- ##

This file was extended by config.status, which was
generated by GNU Autoconf 2.59.  Invocation command line was

  CONFIG_FILES    = 
  CONFIG_HEADERS  = 
  CONFIG_LINKS    = 
  CONFIG_COMMANDS = 
  $ ./config.status 

on davidm-desktop

config.status:652: creating GNUmakefile

## ---------------- ##
## Cache variables. ##
## ---------------- ##

ac_cv_build=i686-pc-linux-gnu
ac_cv_build_alias=i686-pc-linux-gnu
ac_cv_c_compiler_gnu=yes
ac_cv_env_CC_set=
ac_cv_env_CC_value=
ac_cv_env_CFLAGS_set=
ac_cv_env_CFLAGS_value=
ac_cv_env_CPPFLAGS_set=
ac_cv_env_CPPFLAGS_value=
ac_cv_env_CPP_set=
ac_cv_env_CPP_value=
ac_cv_env_LDFLAGS_set=
ac_cv_env_LDFLAGS_value=
ac_cv_env_build_alias_set=
ac_cv_env_build_alias_value=
ac_cv_env_host_alias_set=
ac_cv_env_host_alias_value=
ac_cv_env_target_alias_set=
ac_cv_env_target_alias_value=
ac_cv_exeext=
ac_cv_file__usr_X11_include_proplist_h=no
ac_cv_file__usr_X11_lib_libPropList_so=no
ac_cv_have_x=have_x=no
ac_cv_header_inttypes_h=yes
ac_cv_header_memory_h=yes
ac_cv_header_proplist_h=yes
ac_cv_header_stdc=yes
ac_cv_header_stdint_h=yes
ac_cv_header_stdlib_h=yes
ac_cv_header_string_h=yes
ac_cv_header_strings_h=yes
ac_cv_header_sys_stat_h=yes
ac_cv_header_sys_types_h=yes
ac_cv_header_unistd_h=yes
ac_cv_host=i686-pc-linux-gnu
ac_cv_host_alias=i686-pc-linux-gnu
ac_cv_lib_PropList_PLGetProplistWithDescription=yes
ac_cv_objext=o
ac_cv_path_APACHE=/usr/sbin/apache2
ac_cv_path_APRCONFIG=/usr/bin/apr-config
ac_cv_path_APXS=no
ac_cv_path_APXS2=/usr/bin/apxs2
ac_cv_prog_CPP='gcc -E'
ac_cv_prog_ac_ct_CC=gcc
ac_cv_prog_cc_g=yes
ac_cv_prog_cc_stdc=
ac_cv_prog_egrep='grep -E'
ac_cv_target=i686-pc-linux-gnu
ac_cv_target_alias=i686-pc-linux-gnu

## ----------------- ##
## Output variables. ##
## ----------------- ##

APACHE='/usr/sbin/apache2'
APRCONFIG='/usr/bin/apr-config'
APXS2='/usr/bin/apxs2'
APXS='/usr/bin/apxs2'
CC='gcc'
CFLAGS='-g -O2'
CONFIG_CPPFLAGS=''
CONFIG_LDFLAGS=''
CPP='gcc -E'
CPPFLAGS=''
DEFS='-DPACKAGE_NAME=\"\" -DPACKAGE_TARNAME=\"\" -DPACKAGE_VERSION=\"\" -DPACKAGE_STRING=\"\" -DPACKAGE_BUGREPORT=\"\" -DSTDC_HEADERS=1 -DHAVE_SYS_TYPES_H=1 -DHAVE_SYS_STAT_H=1 -DHAVE_STDLIB_H=1 -DHAVE_STRING_H=1 -DHAVE_MEMORY_H=1 -DHAVE_STRINGS_H=1 -DHAVE_INTTYPES_H=1 -DHAVE_STDINT_H=1 -DHAVE_UNISTD_H=1 -DHAVE_PROPLIST_H=1 -DHAVE_LIBPROPLIST=1 '
ECHO_C=''
ECHO_N='-n'
ECHO_T=''
EGREP='grep -E'
EXEEXT=''
LDFLAGS=''
LIBOBJS=''
LIBS='-lPropList '
LTLIBOBJS=''
OBJEXT='o'
PACKAGE_BUGREPORT=''
PACKAGE_NAME=''
PACKAGE_STRING=''
PACKAGE_TARNAME=''
PACKAGE_VERSION=''
PATH_SEPARATOR=':'
SERVERAPI='Apache2'
SHELL='/bin/bash'
ac_ct_CC='gcc'
bindir='${exec_prefix}/bin'
build='i686-pc-linux-gnu'
build_alias=''
build_cpu='i686'
build_os='linux-gnu'
build_vendor='pc'
datadir='${prefix}/share'
exec_prefix='${prefix}'
host='i686-pc-linux-gnu'
host_alias=''
host_cpu='i686'
host_os='linux-gnu'
host_vendor='pc'
includedir='${prefix}/include'
infodir='${prefix}/info'
libdir='${exec_prefix}/lib'
libexecdir='${exec_prefix}/libexec'
localstatedir='${prefix}/var'
mandir='${prefix}/man'
oldincludedir='/usr/include'
prefix='/usr/local'
program_transform_name='s,x,x,'
sbindir='${exec_prefix}/sbin'
sharedstatedir='${prefix}/com'
sysconfdir='${prefix}/etc'
target='i686-pc-linux-gnu'
target_alias=''
target_cpu='i686'
target_os='linux-gnu'
target_vendor='pc'

## ----------- ##
## confdefs.h. ##
## ----------- ##

#define HAVE_INTTYPES_H 1
#define HAVE_LIBPROPLIST 1
#define HAVE_MEMORY_H 1
#define HAVE_PROPLIST_H 1
#define HAVE_STDINT_H 1
#define HAVE_STDLIB_H 1
#define HAVE_STRINGS_H 1
#define HAVE_STRING_H 1
#define HAVE_SYS_STAT_H 1
#define HAVE_SYS_TYPES_H 1
#define HAVE_UNISTD_H 1
#define PACKAGE_BUGREPORT ""
#define PACKAGE_NAME ""
#define PACKAGE_STRING ""
#define PACKAGE_TARNAME ""
#define PACKAGE_VERSION ""
#define STDC_HEADERS 1

configure: exit 0
