This file contains any messages produced by compilers while
running configure, to aid debugging if configure makes a mistake.

It was created by configure, which was
generated by GNU Autoconf 2.61.  Invocation command line was

  $ ./configure 

## --------- ##
## Platform. ##
## --------- ##

hostname = davidm-desktop
uname -m = i686
uname -r = 2.6.32-28-generic
uname -s = Linux
uname -v = #55-Ubuntu SMP Mon Jan 10 21:21:01 UTC 2011

/usr/bin/uname -p = unknown
/bin/uname -X     = unknown

/bin/arch              = unknown
/usr/bin/arch -k       = unknown
/usr/convex/getsysinfo = unknown
/usr/bin/hostinfo      = unknown
/bin/machine           = unknown
/usr/bin/oslevel       = unknown
/bin/universe          = unknown

PATH: /home/davidm/GNUstep/Tools
PATH: /usr/local/sbin
PATH: /usr/local/bin
PATH: /usr/sbin
PATH: /usr/bin
PATH: /sbin
PATH: /bin
PATH: /usr/games


## ----------- ##
## Core tests. ##
## ----------- ##

configure:1716: checking default gswnames
configure:1723: result: all
configure:1731: checking for /usr/share/GNUstep/Makefiles/Auxiliary/gdl2.make
configure:1747: result: yes
configure:1818: checking for gcc
configure:1834: found /usr/bin/gcc
configure:1845: result: gcc
configure:2083: checking for C compiler version
configure:2090: gcc --version >&5
gcc (Ubuntu 4.4.3-4ubuntu5.1) 4.4.3
Copyright (C) 2009 Free Software Foundation, Inc.
This is free software; see the source for copying conditions.  There is NO
warranty; not even for MERCHANTABILITY or FITNESS FOR A PARTICULAR PURPOSE.

configure:2093: $? = 0
configure:2100: gcc -v >&5
Using built-in specs.
Target: i486-linux-gnu
Configured with: ../src/configure -v --with-pkgversion='Ubuntu 4.4.3-4ubuntu5.1' --with-bugurl=file:///usr/share/doc/gcc-4.4/README.Bugs --enable-languages=c,c++,fortran,objc,obj-c++ --prefix=/usr --enable-shared --enable-multiarch --enable-linker-build-id --with-system-zlib --libexecdir=/usr/lib --without-included-gettext --enable-threads=posix --with-gxx-include-dir=/usr/include/c++/4.4 --program-suffix=-4.4 --enable-nls --enable-clocale=gnu --enable-libstdcxx-debug --enable-plugin --enable-objc-gc --enable-targets=all --disable-werror --with-arch-32=i486 --with-tune=generic --enable-checking=release --build=i486-linux-gnu --host=i486-linux-gnu --target=i486-linux-gnu
Thread model: posix
gcc version 4.4.3 (Ubuntu 4.4.3-4ubuntu5.1) 
configure:2103: $? = 0
configure:2110: gcc -V >&5
gcc: '-V' option must have argument
configure:2113: $? = 1
configure:2136: checking for C compiler default output file name
configure:2163: gcc    conftest.c  >&5
configure:2166: $? = 0
configure:2204: result: a.out
configure:2221: checking whether the C compiler works
configure:2231: ./a.out
configure:2234: $? = 0
configure:2251: result: yes
configure:2258: checking whether we are cross compiling
configure:2260: result: no
configure:2263: checking for suffix of executables
configure:2270: gcc -o conftest    conftest.c  >&5
configure:2273: $? = 0
configure:2297: result: 
configure:2303: checking for suffix of object files
configure:2329: gcc -c   conftest.c >&5
configure:2332: $? = 0
configure:2355: result: o
configure:2359: checking whether we are using the GNU C compiler
configure:2388: gcc -c   conftest.c >&5
configure:2394: $? = 0
configure:2411: result: yes
configure:2416: checking whether gcc accepts -g
configure:2446: gcc -c -g  conftest.c >&5
configure:2452: $? = 0
configure:2551: result: yes
configure:2568: checking for gcc option to accept ISO C89
configure:2642: gcc  -c -g -O2  conftest.c >&5
configure:2648: $? = 0
configure:2671: result: none needed
configure:2695: checking how to run the C preprocessor
configure:2735: gcc -E  conftest.c
configure:2741: $? = 0
configure:2772: gcc -E  conftest.c
conftest.c:9:28: error: ac_nonexistent.h: No such file or directory
configure:2778: $? = 1
configure: failed program was:
| /* confdefs.h.  */
| #define PACKAGE_NAME ""
| #define PACKAGE_TARNAME ""
| #define PACKAGE_VERSION ""
| #define PACKAGE_STRING ""
| #define PACKAGE_BUGREPORT ""
| #define HAVE_GDL2 1
| /* end confdefs.h.  */
| #include <ac_nonexistent.h>
configure:2811: result: gcc -E
configure:2840: gcc -E  conftest.c
configure:2846: $? = 0
configure:2877: gcc -E  conftest.c
conftest.c:9:28: error: ac_nonexistent.h: No such file or directory
configure:2883: $? = 1
configure: failed program was:
| /* confdefs.h.  */
| #define PACKAGE_NAME ""
| #define PACKAGE_TARNAME ""
| #define PACKAGE_VERSION ""
| #define PACKAGE_STRING ""
| #define PACKAGE_BUGREPORT ""
| #define HAVE_GDL2 1
| /* end confdefs.h.  */
| #include <ac_nonexistent.h>
configure:2921: checking for grep that handles long lines and -e
configure:2995: result: /bin/grep
configure:3000: checking for egrep
configure:3078: result: /bin/grep -E
configure:3083: checking for ANSI C header files
configure:3113: gcc -c -g -O2  conftest.c >&5
configure:3119: $? = 0
configure:3218: gcc -o conftest -g -O2   conftest.c  >&5
configure:3221: $? = 0
configure:3227: ./conftest
configure:3230: $? = 0
configure:3247: result: yes
configure:3271: checking for sys/types.h
configure:3292: gcc -c -g -O2  conftest.c >&5
configure:3298: $? = 0
configure:3314: result: yes
configure:3271: checking for sys/stat.h
configure:3292: gcc -c -g -O2  conftest.c >&5
configure:3298: $? = 0
configure:3314: result: yes
configure:3271: checking for stdlib.h
configure:3292: gcc -c -g -O2  conftest.c >&5
configure:3298: $? = 0
configure:3314: result: yes
configure:3271: checking for string.h
configure:3292: gcc -c -g -O2  conftest.c >&5
configure:3298: $? = 0
configure:3314: result: yes
configure:3271: checking for memory.h
configure:3292: gcc -c -g -O2  conftest.c >&5
configure:3298: $? = 0
configure:3314: result: yes
configure:3271: checking for strings.h
configure:3292: gcc -c -g -O2  conftest.c >&5
configure:3298: $? = 0
configure:3314: result: yes
configure:3271: checking for inttypes.h
configure:3292: gcc -c -g -O2  conftest.c >&5
configure:3298: $? = 0
configure:3314: result: yes
configure:3271: checking for stdint.h
configure:3292: gcc -c -g -O2  conftest.c >&5
configure:3298: $? = 0
configure:3314: result: yes
configure:3271: checking for unistd.h
configure:3292: gcc -c -g -O2  conftest.c >&5
configure:3298: $? = 0
configure:3314: result: yes
configure:3341: checking zlib.h usability
configure:3358: gcc -c -g -O2  conftest.c >&5
configure:3364: $? = 0
configure:3378: result: yes
configure:3382: checking zlib.h presence
configure:3397: gcc -E  conftest.c
configure:3403: $? = 0
configure:3417: result: yes
configure:3445: checking for zlib.h
configure:3453: result: yes
configure:3468: checking for gzseek in -lz
configure:3503: gcc -o conftest -g -O2   conftest.c -lz   >&5
configure:3509: $? = 0
configure:3527: result: yes
configure:3545: checking for main in -lwrap
configure:3574: gcc -o conftest -g -O2   conftest.c -lwrap  -lz  >&5
/usr/bin/ld: cannot find -lwrap
collect2: ld returned 1 exit status
configure:3580: $? = 1
configure: failed program was:
| /* confdefs.h.  */
| #define PACKAGE_NAME ""
| #define PACKAGE_TARNAME ""
| #define PACKAGE_VERSION ""
| #define PACKAGE_STRING ""
| #define PACKAGE_BUGREPORT ""
| #define HAVE_GDL2 1
| #define STDC_HEADERS 1
| #define HAVE_SYS_TYPES_H 1
| #define HAVE_SYS_STAT_H 1
| #define HAVE_STDLIB_H 1
| #define HAVE_STRING_H 1
| #define HAVE_MEMORY_H 1
| #define HAVE_STRINGS_H 1
| #define HAVE_INTTYPES_H 1
| #define HAVE_STDINT_H 1
| #define HAVE_UNISTD_H 1
| #define HAVE_ZLIB_H 1
| #define HAVE_LIBZ 1
| /* end confdefs.h.  */
| 
| 
| int
| main ()
| {
| return main ();
|   ;
|   return 0;
| }
configure:3598: result: no
configure:3756: checking for xml2-config
configure:3774: found /usr/bin/xml2-config
configure:3787: result: /usr/bin/xml2-config
configure:3841: checking for libxml - version >= 2.3.0
configure:3960: gcc -o conftest -g -O2 -I/usr/include/libxml2   conftest.c -lxml2 -lz   >&5
conftest.c: In function 'main':
conftest.c:55: warning: too few arguments for format
conftest.c:34: warning: ignoring return value of 'system', declared with attribute warn_unused_result
configure:3963: $? = 0
configure:3969: ./conftest
configure:3972: $? = 0
configure:3994: result: yes
configure:4053: checking for png_sig_cmp in -lpng
configure:4088: gcc -o conftest -g -O2  -I/usr/include/libxml2  conftest.c -lpng  -lz   -lxml2 >&5
configure:4094: $? = 0
configure:4112: result: yes
configure:4128: checking for the version of GSWeb we are compiling
configure:4133: result: 1.3.0
configure:4250: creating ./config.status

## ---------------------- ##
## Running config.status. ##
## ---------------------- ##

This file was extended by config.status, which was
generated by GNU Autoconf 2.61.  Invocation command line was

  CONFIG_FILES    = 
  CONFIG_HEADERS  = 
  CONFIG_LINKS    = 
  CONFIG_COMMANDS = 
  $ ./config.status 

on davidm-desktop

config.status:607: creating config.mak
config.status:607: creating gsweb.make
config.status:607: creating GSWeb/Makefile.preamble
config.status:607: creating config.h

## ---------------- ##
## Cache variables. ##
## ---------------- ##

ac_cv_c_compiler_gnu=yes
ac_cv_env_CC_set=
ac_cv_env_CC_value=
ac_cv_env_CFLAGS_set=
ac_cv_env_CFLAGS_value=
ac_cv_env_CPPFLAGS_set=
ac_cv_env_CPPFLAGS_value=
ac_cv_env_CPP_set=
ac_cv_env_CPP_value=
ac_cv_env_LDFLAGS_set=
ac_cv_env_LDFLAGS_value=
ac_cv_env_LIBS_set=
ac_cv_env_LIBS_value=
ac_cv_env_build_alias_set=
ac_cv_env_build_alias_value=
ac_cv_env_host_alias_set=
ac_cv_env_host_alias_value=
ac_cv_env_target_alias_set=
ac_cv_env_target_alias_value=
ac_cv_file__usr_share_GNUstep_Makefiles_Auxiliary_gdl2_make=yes
ac_cv_header_inttypes_h=yes
ac_cv_header_memory_h=yes
ac_cv_header_stdc=yes
ac_cv_header_stdint_h=yes
ac_cv_header_stdlib_h=yes
ac_cv_header_string_h=yes
ac_cv_header_strings_h=yes
ac_cv_header_sys_stat_h=yes
ac_cv_header_sys_types_h=yes
ac_cv_header_unistd_h=yes
ac_cv_header_zlib_h=yes
ac_cv_lib_png_png_sig_cmp=yes
ac_cv_lib_wrap_main=no
ac_cv_lib_z_gzseek=yes
ac_cv_objext=o
ac_cv_path_EGREP='/bin/grep -E'
ac_cv_path_GREP=/bin/grep
ac_cv_path_XML2_CONFIG=/usr/bin/xml2-config
ac_cv_prog_CPP='gcc -E'
ac_cv_prog_ac_ct_CC=gcc
ac_cv_prog_cc_c89=
ac_cv_prog_cc_g=yes

## ----------------- ##
## Output variables. ##
## ----------------- ##

AUX_INCS=' -I/usr/include/libxml2'
AUX_LIBS='-lpng -lz   -lxml2'
CC='gcc'
CFLAGS='-g -O2'
CPP='gcc -E'
CPPFLAGS=' -I/usr/include/libxml2'
DEFS='-DHAVE_CONFIG_H'
ECHO_C=''
ECHO_N='-n'
ECHO_T=''
EGREP='/bin/grep -E'
EXEEXT=''
GCC_VERSION=''
GDL2='yes'
GREP='/bin/grep'
GSWNAMES='all'
LDFLAGS=''
LIBOBJS=''
LIBS='-lpng -lz   -lxml2'
LIBWRAP='no'
LTLIBOBJS=''
MAJOR_VERSION='1'
MINOR_VERSION='3'
OBJEXT='o'
PACKAGE_BUGREPORT=''
PACKAGE_NAME=''
PACKAGE_STRING=''
PACKAGE_TARNAME=''
PACKAGE_VERSION=''
PATH_SEPARATOR=':'
SHELL='/bin/bash'
SUBMINOR_VERSION='0'
VERSION='1.3.0'
XML2_CONFIG='/usr/bin/xml2-config'
XML_CFLAGS='-I/usr/include/libxml2'
XML_CONFIG='/usr/bin/xml2-config'
XML_LIBS='-lxml2'
ac_ct_CC='gcc'
bindir='${exec_prefix}/bin'
build_alias=''
datadir='${datarootdir}'
datarootdir='${prefix}/share'
docdir='${datarootdir}/doc/${PACKAGE}'
dvidir='${docdir}'
exec_prefix='${prefix}'
host_alias=''
htmldir='${docdir}'
includedir='${prefix}/include'
infodir='${datarootdir}/info'
libdir='${exec_prefix}/lib'
libexecdir='${exec_prefix}/libexec'
localedir='${datarootdir}/locale'
localstatedir='${prefix}/var'
mandir='${datarootdir}/man'
oldincludedir='/usr/include'
pdfdir='${docdir}'
prefix='/usr/local'
program_transform_name='s,x,x,'
psdir='${docdir}'
sbindir='${exec_prefix}/sbin'
sharedstatedir='${prefix}/com'
sysconfdir='${prefix}/etc'
target_alias=''

## ----------- ##
## confdefs.h. ##
## ----------- ##

#define PACKAGE_NAME ""
#define PACKAGE_TARNAME ""
#define PACKAGE_VERSION ""
#define PACKAGE_STRING ""
#define PACKAGE_BUGREPORT ""
#define HAVE_GDL2 1
#define STDC_HEADERS 1
#define HAVE_SYS_TYPES_H 1
#define HAVE_SYS_STAT_H 1
#define HAVE_STDLIB_H 1
#define HAVE_STRING_H 1
#define HAVE_MEMORY_H 1
#define HAVE_STRINGS_H 1
#define HAVE_INTTYPES_H 1
#define HAVE_STDINT_H 1
#define HAVE_UNISTD_H 1
#define HAVE_ZLIB_H 1
#define HAVE_LIBZ 1
#define HAVE_LIBXML 1
#define HAVE_LIBPNG 1

configure: exit 0
